<?xml version="1.0" encoding="UTF-8"?>
<testsuite xmlns:xsi="http://www.w3.org/2001/XMLSchema-instance" xsi:noNamespaceSchemaLocation="https://maven.apache.org/surefire/maven-surefire-plugin/xsd/surefire-test-report.xsd" name="xcom.thoughtworks.xstream.io.xml.DecodeNameTest" time="0.037" tests="6" errors="0" skipped="0" failures="0">
  <properties>
    <property name="java.specification.version" value="17"/>
    <property name="sun.cpu.isalist" value="amd64"/>
    <property name="sun.jnu.encoding" value="Cp1252"/>
    <property name="java.class.path" value="C:\Users\steng\Desktop\mutation-analysis\kintis-funcs-updated\xstream\target\test-classes;C:\Users\steng\Desktop\mutation-analysis\kintis-funcs-updated\xstream\target\classes;C:\Users\steng\.m2\repository\junit\junit\4.11\junit-4.11.jar;C:\Users\steng\.m2\repository\org\hamcrest\hamcrest-core\1.3\hamcrest-core-1.3.jar;C:\Users\steng\.m2\repository\joda-time\joda-time\1.6\joda-time-1.6.jar;C:\Users\steng\.m2\repository\org\jdom\jdom\1.1\jdom-1.1.jar;C:\Users\steng\.m2\repository\net\sf\kxml\kxml2-min\2.3.0\kxml2-min-2.3.0.jar;C:\Users\steng\.m2\repository\xmlpull\xmlpull\1.1.3.1\xmlpull-1.1.3.1.jar;C:\Users\steng\.m2\repository\dom4j\dom4j\1.6.1\dom4j-1.6.1.jar;C:\Users\steng\.m2\repository\xml-apis\xml-apis\1.0.b2\xml-apis-1.0.b2.jar;C:\Users\steng\.m2\repository\cglib\cglib-nodep\2.2\cglib-nodep-2.2.jar;C:\Users\steng\.m2\repository\org\codehaus\jettison\jettison\1.0.1\jettison-1.0.1.jar;C:\Users\steng\.m2\repository\stax\stax-api\1.0.1\stax-api-1.0.1.jar;C:\Users\steng\.m2\repository\xom\xom\1.1\xom-1.1.jar;C:\Users\steng\.m2\repository\xerces\xmlParserAPIs\2.6.2\xmlParserAPIs-2.6.2.jar;C:\Users\steng\.m2\repository\xerces\xercesImpl\2.6.2\xercesImpl-2.6.2.jar;C:\Users\steng\.m2\repository\xalan\xalan\2.7.0\xalan-2.7.0.jar;C:\Users\steng\.m2\repository\jaxen\jaxen\1.1-beta-8\jaxen-1.1-beta-8.jar;C:\Users\steng\.m2\repository\jdom\jdom\1.0\jdom-1.0.jar;C:\Users\steng\.m2\repository\stax\stax\1.2.0\stax-1.2.0.jar;C:\Users\steng\.m2\repository\xpp3\xpp3_min\1.1.4c\xpp3_min-1.1.4c.jar;"/>
    <property name="java.vm.vendor" value="Eclipse Adoptium"/>
    <property name="sun.arch.data.model" value="64"/>
    <property name="user.variant" value=""/>
    <property name="java.vendor.url" value="https://adoptium.net/"/>
    <property name="user.timezone" value="America/Los_Angeles"/>
    <property name="os.name" value="Windows 10"/>
    <property name="java.vm.specification.version" value="17"/>
    <property name="sun.java.launcher" value="SUN_STANDARD"/>
    <property name="user.country" value="US"/>
    <property name="sun.boot.library.path" value="C:\Program Files\Eclipse Adoptium\jdk-17.0.4.101-hotspot\bin"/>
    <property name="sun.java.command" value="C:\Users\steng\AppData\Local\Temp\surefire949213386737031422\surefirebooter9239700202172294295.jar C:\Users\steng\AppData\Local\Temp\surefire949213386737031422 2022-10-12T23-43-57_356-jvmRun1 surefire2199639261360162124tmp surefire_06646632421242707144tmp"/>
    <property name="jdk.debug" value="release"/>
    <property name="surefire.test.class.path" value="C:\Users\steng\Desktop\mutation-analysis\kintis-funcs-updated\xstream\target\test-classes;C:\Users\steng\Desktop\mutation-analysis\kintis-funcs-updated\xstream\target\classes;C:\Users\steng\.m2\repository\junit\junit\4.11\junit-4.11.jar;C:\Users\steng\.m2\repository\org\hamcrest\hamcrest-core\1.3\hamcrest-core-1.3.jar;C:\Users\steng\.m2\repository\joda-time\joda-time\1.6\joda-time-1.6.jar;C:\Users\steng\.m2\repository\org\jdom\jdom\1.1\jdom-1.1.jar;C:\Users\steng\.m2\repository\net\sf\kxml\kxml2-min\2.3.0\kxml2-min-2.3.0.jar;C:\Users\steng\.m2\repository\xmlpull\xmlpull\1.1.3.1\xmlpull-1.1.3.1.jar;C:\Users\steng\.m2\repository\dom4j\dom4j\1.6.1\dom4j-1.6.1.jar;C:\Users\steng\.m2\repository\xml-apis\xml-apis\1.0.b2\xml-apis-1.0.b2.jar;C:\Users\steng\.m2\repository\cglib\cglib-nodep\2.2\cglib-nodep-2.2.jar;C:\Users\steng\.m2\repository\org\codehaus\jettison\jettison\1.0.1\jettison-1.0.1.jar;C:\Users\steng\.m2\repository\stax\stax-api\1.0.1\stax-api-1.0.1.jar;C:\Users\steng\.m2\repository\xom\xom\1.1\xom-1.1.jar;C:\Users\steng\.m2\repository\xerces\xmlParserAPIs\2.6.2\xmlParserAPIs-2.6.2.jar;C:\Users\steng\.m2\repository\xerces\xercesImpl\2.6.2\xercesImpl-2.6.2.jar;C:\Users\steng\.m2\repository\xalan\xalan\2.7.0\xalan-2.7.0.jar;C:\Users\steng\.m2\repository\jaxen\jaxen\1.1-beta-8\jaxen-1.1-beta-8.jar;C:\Users\steng\.m2\repository\jdom\jdom\1.0\jdom-1.0.jar;C:\Users\steng\.m2\repository\stax\stax\1.2.0\stax-1.2.0.jar;C:\Users\steng\.m2\repository\xpp3\xpp3_min\1.1.4c\xpp3_min-1.1.4c.jar;"/>
    <property name="sun.cpu.endian" value="little"/>
    <property name="user.home" value="C:\Users\steng"/>
    <property name="user.language" value="en"/>
    <property name="java.specification.vendor" value="Oracle Corporation"/>
    <property name="java.version.date" value="2022-08-12"/>
    <property name="java.home" value="C:\Program Files\Eclipse Adoptium\jdk-17.0.4.101-hotspot"/>
    <property name="file.separator" value="\"/>
    <property name="basedir" value="C:\Users\steng\Desktop\mutation-analysis\kintis-funcs-updated\xstream"/>
    <property name="java.vm.compressedOopsMode" value="Zero based"/>
    <property name="line.separator" value="&#10;"/>
    <property name="java.vm.specification.vendor" value="Oracle Corporation"/>
    <property name="java.specification.name" value="Java Platform API Specification"/>
    <property name="surefire.real.class.path" value="C:\Users\steng\AppData\Local\Temp\surefire949213386737031422\surefirebooter9239700202172294295.jar"/>
    <property name="user.script" value=""/>
    <property name="sun.management.compiler" value="HotSpot 64-Bit Tiered Compilers"/>
    <property name="java.runtime.version" value="17.0.4.1+1"/>
    <property name="user.name" value="steng"/>
    <property name="path.separator" value=";"/>
    <property name="os.version" value="10.0"/>
    <property name="java.runtime.name" value="OpenJDK Runtime Environment"/>
    <property name="file.encoding" value="Cp1252"/>
    <property name="java.vm.name" value="OpenJDK 64-Bit Server VM"/>
    <property name="java.vendor.version" value="Temurin-17.0.4.1+1"/>
    <property name="localRepository" value="C:\Users\steng\.m2\repository"/>
    <property name="java.vendor.url.bug" value="https://github.com/adoptium/adoptium-support/issues"/>
    <property name="java.io.tmpdir" value="C:\Users\steng\AppData\Local\Temp\"/>
    <property name="java.version" value="17.0.4.1"/>
    <property name="user.dir" value="C:\Users\steng\Desktop\mutation-analysis\kintis-funcs-updated\xstream"/>
    <property name="os.arch" value="amd64"/>
    <property name="java.vm.specification.name" value="Java Virtual Machine Specification"/>
    <property name="sun.os.patch.level" value=""/>
    <property name="native.encoding" value="Cp1252"/>
    <property name="java.library.path" value="C:\Program Files\Eclipse Adoptium\jdk-17.0.4.101-hotspot\bin;C:\Windows\Sun\Java\bin;C:\Windows\system32;C:\Windows;C:\Program Files\Eclipse Adoptium\jdk-17.0.4.101-hotspot\bin;C:\Program Files (x86)\VMware\VMware Player\bin\;C:\Program Files\Common Files\Oracle\Java\javapath;C:\Python310\Scripts\;C:\Python310\;C:\Program Files (x86)\Java\jre1.8.0_311\bin\;C:\Windows\system32;C:\Windows;C:\Windows\System32\Wbem;C:\Windows\System32\WindowsPowerShell\v1.0\;C:\Windows\System32\OpenSSH\;C:\Program Files (x86)\NVIDIA Corporation\PhysX\Common;C:\Program Files\NVIDIA Corporation\NVIDIA NvDLISR;C:\Program Files\Git\cmd;C:\Program Files (x86)\SMLNJ\bin\;C:\ProgramData\chocolatey\bin;C:\msys64\mingw64\bin;C:\Program Files\nodejs\;C:\Program Files\Docker\Docker\resources\bin;C:\ProgramData\DockerDesktop\version-bin;C:\Users\steng\Desktop\mutation-analysis\apache-maven-3.8.6\bin;C:\Users\steng\AppData\Local\Programs\Python\Python39\Scripts\;C:\Users\steng\AppData\Local\Programs\Python\Python39\;C:\Users\steng\AppData\Local\Microsoft\WindowsApps;C:\Users\steng\AppData\Local\Programs\Microsoft VS Code\bin;C:\Program Files\JetBrains\PyCharm 2021.2.3\bin;;C:\Program Files\JetBrains\IntelliJ IDEA 2021.2.3\bin;;C:\msys64\mingw64\bin;C:\Users\steng\AppData\Roaming\npm;."/>
    <property name="java.vm.info" value="mixed mode, sharing"/>
    <property name="java.vendor" value="Eclipse Adoptium"/>
    <property name="java.vm.version" value="17.0.4.1+1"/>
    <property name="sun.io.unicode.encoding" value="UnicodeLittle"/>
    <property name="java.class.version" value="61.0"/>
  </properties>
  <testcase name="testDecodeName1" classname="xcom.thoughtworks.xstream.io.xml.DecodeNameTest" time="0.003"/>
  <testcase name="testDecodeName2" classname="xcom.thoughtworks.xstream.io.xml.DecodeNameTest" time="0"/>
  <testcase name="testDecodeName3" classname="xcom.thoughtworks.xstream.io.xml.DecodeNameTest" time="0"/>
  <testcase name="testDecodeName4" classname="xcom.thoughtworks.xstream.io.xml.DecodeNameTest" time="0"/>
  <testcase name="testDecodeName5" classname="xcom.thoughtworks.xstream.io.xml.DecodeNameTest" time="0"/>
  <testcase name="testDecodeName6" classname="xcom.thoughtworks.xstream.io.xml.DecodeNameTest" time="0"/>
</testsuite>